<?xml version="1.0" encoding="UTF-8"?>
<!-- Generated by org.testng.reporters.JUnitReportReporter -->
<testsuite skipped="0" hostname="CDAC" name="TestPackages.TestRemoveItem" tests="1" failures="0" timestamp="2020-09-27T18:17:07 IST" time="13.229" errors="0">
  <testcase name="removeProduct" time="13.229" classname="TestPackages.TestRemoveItem"/>
  <system-out/>
</testsuite> <!-- TestPackages.TestRemoveItem -->
