<?xml version="1.0" encoding="UTF-8"?>
<!-- Generated by org.testng.reporters.JUnitReportReporter -->
<testsuite skipped="0" hostname="CDAC" name="TestPackages.TestCheckoutWithoutUserDetails" tests="1" failures="0" timestamp="2020-09-27T18:17:07 IST" time="7.801" errors="0">
  <testcase name="checkValidationWhileCheckoutWithoutUserDetails" time="7.801" classname="TestPackages.TestCheckoutWithoutUserDetails"/>
  <system-out/>
</testsuite> <!-- TestPackages.TestCheckoutWithoutUserDetails -->
