<?xml version="1.0" encoding="UTF-8"?>
<!-- Generated by org.testng.reporters.JUnitReportReporter -->
<testsuite skipped="0" hostname="CDAC" name="TestPackages.TestAddToCart" tests="1" failures="0" timestamp="2020-09-27T18:19:48 IST" time="10.088" errors="0">
  <testcase name="purchaseSingleProduct" time="10.088" classname="TestPackages.TestAddToCart"/>
  <system-out/>
</testsuite> <!-- TestPackages.TestAddToCart -->
