<?xml version="1.0" encoding="UTF-8"?>
<!-- Generated by org.testng.reporters.JUnitReportReporter -->
<testsuite skipped="0" hostname="CDAC" name="TestPackages.TestCheckoutWithoutUserDetails" tests="1" failures="0" timestamp="2020-09-28T19:22:27 IST" time="33.191" errors="0">
  <testcase name="checkValidationWhileCheckoutWithoutUserDetails" time="33.191" classname="TestPackages.TestCheckoutWithoutUserDetails"/>
  <system-out/>
</testsuite> <!-- TestPackages.TestCheckoutWithoutUserDetails -->
