<?xml version="1.0" encoding="UTF-8"?>
<!-- Generated by org.testng.reporters.JUnitReportReporter -->
<testsuite skipped="0" hostname="CDAC" name="TestPackages.TestAddToCart" tests="2" failures="0" timestamp="2020-09-28T19:22:27 IST" time="101.328" errors="0">
  <testcase name="purchaseMultipleProduct" time="49.470" classname="TestPackages.TestAddToCart"/>
  <system-out/>
  <testcase name="purchaseSingleProduct" time="51.858" classname="TestPackages.TestAddToCart"/>
  <system-out/>
</testsuite> <!-- TestPackages.TestAddToCart -->
