<?xml version="1.0" encoding="UTF-8"?>
<!-- Generated by org.testng.reporters.JUnitReportReporter -->
<testsuite skipped="0" hostname="CDAC" name="TestPackages.TestUserLogin" tests="1" failures="0" timestamp="2020-09-28T19:22:27 IST" time="14.835" errors="0">
  <testcase name="userLogin" time="14.835" classname="TestPackages.TestUserLogin"/>
  <system-out/>
</testsuite> <!-- TestPackages.TestUserLogin -->
