<?xml version="1.0" encoding="UTF-8"?>
<!-- Generated by org.testng.reporters.JUnitReportReporter -->
<testsuite skipped="0" hostname="CDAC" name="TestPackages.TestUserLogin" tests="1" failures="0" timestamp="2020-09-29T18:02:55 IST" time="20.140" errors="0">
  <testcase name="userLogin" time="20.140" classname="TestPackages.TestUserLogin"/>
  <system-out/>
</testsuite> <!-- TestPackages.TestUserLogin -->
