<?xml version="1.0" encoding="UTF-8"?>
<!-- Generated by org.testng.reporters.JUnitReportReporter -->
<testsuite skipped="0" hostname="CDAC" name="TestPackages.TestRemoveItem" tests="1" failures="0" timestamp="2020-09-29T18:02:55 IST" time="83.930" errors="0">
  <testcase name="removeProduct" time="83.930" classname="TestPackages.TestRemoveItem"/>
  <system-out/>
</testsuite> <!-- TestPackages.TestRemoveItem -->
