<?xml version="1.0" encoding="UTF-8"?>
<!-- Generated by org.testng.reporters.JUnitReportReporter -->
<testsuite skipped="0" hostname="CDAC" name="TestPackages.TestAddToCart" tests="2" failures="0" timestamp="2020-09-29T18:22:30 IST" time="48.465" errors="0">
  <testcase name="purchaseSingleProduct" time="24.542" classname="TestPackages.TestAddToCart"/>
  <system-out/>
  <testcase name="purchaseMultipleProduct" time="23.923" classname="TestPackages.TestAddToCart"/>
  <system-out/>
</testsuite> <!-- TestPackages.TestAddToCart -->
