<?xml version="1.0" encoding="UTF-8"?>
<!-- Generated by org.testng.reporters.JUnitReportReporter -->
<testsuite skipped="0" hostname="CDAC" name="TestPackages.TestUserLogin" tests="1" failures="0" timestamp="2020-09-27T18:17:07 IST" time="8.328" errors="0">
  <testcase name="userLogin" time="8.328" classname="TestPackages.TestUserLogin"/>
  <system-out/>
</testsuite> <!-- TestPackages.TestUserLogin -->
